[0m14:56:04.775519 [debug] [MainThread]: Sending event: {'category': 'dbt', 'action': 'invocation', 'label': 'start', 'context': [<snowplow_tracker.self_describing_json.SelfDescribingJson object at 0x000001DCA979A020>, <snowplow_tracker.self_describing_json.SelfDescribingJson object at 0x000001DCAAA11120>, <snowplow_tracker.self_describing_json.SelfDescribingJson object at 0x000001DCAAA10850>]}


============================== 14:56:04.778913 | 4d2aa1d0-4e7c-4527-8c95-d04978bd21b7 ==============================
[0m14:56:04.778913 [info ] [MainThread]: Running with dbt=1.11.10
[0m14:56:04.779970 [debug] [MainThread]: running dbt with arguments {'version_check': 'True', 'no_print': 'None', 'static_parser': 'True', 'warn_error_options': 'WarnErrorOptionsV2(error=[], warn=[], silence=[])', 'target_path': 'None', 'printer_width': '80', 'write_json': 'True', 'introspect': 'True', 'log_cache_events': 'False', 'empty': 'None', 'cache_selected_only': 'False', 'fail_fast': 'False', 'debug': 'False', 'log_format': 'default', 'partial_parse': 'True', 'send_anonymous_usage_stats': 'True', 'quiet': 'False', 'warn_error': 'None', 'profiles_dir': 'C:\\Users\\hp\\.dbt', 'invocation_command': 'dbt init airline_transformation', 'use_colors': 'True', 'indirect_selection': 'eager', 'use_experimental_parser': 'False', 'log_path': 'logs'}
[0m14:56:04.799939 [info ] [MainThread]: Creating dbt configuration folder at C:\Users\hp\.dbt
[0m14:56:04.803937 [debug] [MainThread]: Starter project path: C:\Users\hp\Documents\coding\airport-project\.venv\lib\site-packages\dbt\include\starter_project
[0m14:56:04.869201 [info ] [MainThread]: 
Your new dbt project "airline_transformation" was created!

For more information on how to configure the profiles.yml file,
please consult the dbt documentation here:

  https://docs.getdbt.com/docs/configure-your-profile

One more thing:

Need help? Don't hesitate to reach out to us via GitHub issues or on Slack:

  https://community.getdbt.com/

Happy modeling!

[0m14:56:04.869201 [info ] [MainThread]: Setting up your profile.
[0m14:56:28.536674 [debug] [MainThread]: Snowflake adapter: Setting snowflake.connector to ERROR (file logging only)
[0m14:56:28.536674 [debug] [MainThread]: Snowflake adapter: Setting botocore to ERROR (file logging only)
[0m14:56:28.538036 [debug] [MainThread]: Snowflake adapter: Setting boto3 to ERROR (file logging only)
[0m14:57:00.629379 [error] [MainThread]: Encountered an error:

[0m14:57:00.631629 [error] [MainThread]: Traceback (most recent call last):
  File "C:\Users\hp\Documents\coding\airport-project\.venv\lib\site-packages\dbt\cli\requires.py", line 182, in wrapper
    result, success = func(*args, **kwargs)
  File "C:\Users\hp\Documents\coding\airport-project\.venv\lib\site-packages\dbt\cli\requires.py", line 128, in wrapper
    return func(*args, **kwargs)
  File "C:\Users\hp\Documents\coding\airport-project\.venv\lib\site-packages\dbt\cli\main.py", line 488, in init
    results = task.run()
  File "C:\Users\hp\Documents\coding\airport-project\.venv\lib\site-packages\dbt\task\init.py", line 346, in run
    self.setup_profile(profile_name)
  File "C:\Users\hp\Documents\coding\airport-project\.venv\lib\site-packages\dbt\task\init.py", line 262, in setup_profile
    self.create_profile_from_target(adapter, profile_name=profile_name)
  File "C:\Users\hp\Documents\coding\airport-project\.venv\lib\site-packages\dbt\task\init.py", line 179, in create_profile_from_target
    self.create_profile_from_profile_template(profile_template, profile_name)
  File "C:\Users\hp\Documents\coding\airport-project\.venv\lib\site-packages\dbt\task\init.py", line 163, in create_profile_from_profile_template
    target = self.generate_target_from_input(prompts, initial_target)
  File "C:\Users\hp\Documents\coding\airport-project\.venv\lib\site-packages\dbt\task\init.py", line 129, in generate_target_from_input
    target[key] = click.prompt(
  File "C:\Users\hp\Documents\coding\airport-project\.venv\lib\site-packages\click\termui.py", line 218, in prompt
    value = prompt_func(prompt)
  File "C:\Users\hp\Documents\coding\airport-project\.venv\lib\site-packages\click\termui.py", line 201, in prompt_func
    raise Abort() from None
click.exceptions.Abort

[0m14:57:00.632881 [debug] [MainThread]: Command `dbt init` failed at 14:57:00.632881 after 55.95 seconds
[0m14:57:00.634223 [debug] [MainThread]: Sending event: {'category': 'dbt', 'action': 'invocation', 'label': 'end', 'context': [<snowplow_tracker.self_describing_json.SelfDescribingJson object at 0x000001DCA979A020>, <snowplow_tracker.self_describing_json.SelfDescribingJson object at 0x000001DCAC737C70>, <snowplow_tracker.self_describing_json.SelfDescribingJson object at 0x000001DCAC74C700>]}
[0m14:57:00.634223 [debug] [MainThread]: Flushing usage events
[0m14:57:01.719373 [debug] [MainThread]: An error was encountered while trying to flush usage events
[0m23:33:04.767059 [debug] [MainThread]: Sending event: {'category': 'dbt', 'action': 'invocation', 'label': 'start', 'context': [<snowplow_tracker.self_describing_json.SelfDescribingJson object at 0x00000264DCD09F90>, <snowplow_tracker.self_describing_json.SelfDescribingJson object at 0x00000264DE0483A0>, <snowplow_tracker.self_describing_json.SelfDescribingJson object at 0x00000264DE048130>]}


============================== 23:33:04.772615 | 89d046f4-3fed-42d4-a1f5-5e816baf1dd1 ==============================
[0m23:33:04.772615 [info ] [MainThread]: Running with dbt=1.11.10
[0m23:33:04.772615 [debug] [MainThread]: running dbt with arguments {'static_parser': 'True', 'no_print': 'None', 'version_check': 'True', 'target_path': 'None', 'warn_error_options': 'WarnErrorOptionsV2(error=[], warn=[], silence=[])', 'printer_width': '80', 'write_json': 'True', 'empty': 'False', 'log_cache_events': 'False', 'introspect': 'True', 'cache_selected_only': 'False', 'fail_fast': 'False', 'debug': 'False', 'log_format': 'default', 'partial_parse': 'True', 'send_anonymous_usage_stats': 'True', 'quiet': 'False', 'warn_error': 'None', 'profiles_dir': 'C:\\Users\\hp\\.dbt', 'use_colors': 'True', 'indirect_selection': 'eager', 'invocation_command': 'dbt compile', 'use_experimental_parser': 'False', 'log_path': 'logs'}
[0m23:33:04.773662 [error] [MainThread]: Encountered an error:
Runtime Error
  No dbt_project.yml found at expected path C:\Users\hp\Documents\coding\airport-project\dbt_project.yml
  Verify that each entry within packages.yml (and their transitive dependencies) contains a file named dbt_project.yml
  
[0m23:33:04.774670 [debug] [MainThread]: Command `dbt compile` failed at 23:33:04.774670 after 0.11 seconds
[0m23:33:04.775679 [debug] [MainThread]: Sending event: {'category': 'dbt', 'action': 'invocation', 'label': 'end', 'context': [<snowplow_tracker.self_describing_json.SelfDescribingJson object at 0x00000264DCD09F90>, <snowplow_tracker.self_describing_json.SelfDescribingJson object at 0x00000264DE048490>, <snowplow_tracker.self_describing_json.SelfDescribingJson object at 0x00000264DE048460>]}
[0m23:33:04.776679 [debug] [MainThread]: Flushing usage events
[0m23:33:05.804478 [debug] [MainThread]: An error was encountered while trying to flush usage events
